<?xml version="1.0" encoding="UTF-8"?>
<!-- Generated by org.testng.reporters.JUnitXMLReporter -->
<testsuite ignored="0" hostname="Swarnaparvathi.local" failures="0" tests="1" name="Command line test" time="3.362" errors="0" timestamp="2023-05-15T23:40:58 IST">
  <testcase classname="Driver.BaseTest" name="@BeforeMethod setup" time="-1.684174255396E9">
    <failure type="org.testng.TestNGException" message="
Parameter &amp;apos;udid&amp;apos; is required by BeforeMethod on method setup but has not been marked @Optional or defined
">
      <![CDATA[org.testng.TestNGException: 
Parameter 'udid' is required by BeforeMethod on method setup but has not been marked @Optional or defined

at java.base/java.util.ArrayList.forEach(ArrayList.java:1541)
... Removed 38 stack frames]]>
    </failure>
  </testcase> <!-- @BeforeMethod setup -->
  <testcase classname="Driver.BaseTest" name="@AfterMethod teardown" time="-1.6841742554E9">
    <skipped/>
  </testcase> <!-- @AfterMethod teardown -->
  <testcase classname="Driver.TestRunner" name="scenario" time="0.0">
    <skipped/>
  </testcase> <!-- scenario -->
</testsuite> <!-- Command line test -->
